<?xml version="1.0" encoding="UTF-8"?>
<!-- Generated by org.testng.reporters.JUnitXMLReporter -->
<testsuite hostname="AG300617-9" ignored="0" name="Test" tests="6" failures="0" timestamp="16 Sep 2017 11:44:24 GMT" time="516.023" errors="0">
  <testcase name="Replacedoc" time="109.982" classname="Testcase.TestCases"/>
  <testcase name="delete" time="138.349" classname="Testcase.TestCases"/>
  <testcase name="features" time="66.398" classname="Testcase.TestCases"/>
  <testcase name="fetch" time="59.853" classname="Testcase.TestCases"/>
  <testcase name="forward" time="51.454" classname="Testcase.TestCases"/>
  <testcase name="listing" time="75.747" classname="Testcase.TestCases"/>
</testsuite> <!-- Test -->
