<?xml version="1.0" encoding="UTF-8"?>
<testng-results skipped="0" failed="0" ignored="0" total="6" passed="6">
  <reporter-output>
  </reporter-output>
  <suite name="Suite" duration-ms="516023" started-at="2017-09-16T11:35:48Z" finished-at="2017-09-16T11:44:24Z">
    <groups>
    </groups>
    <test name="Test" duration-ms="516023" started-at="2017-09-16T11:35:48Z" finished-at="2017-09-16T11:44:24Z">
      <class name="Testcase.TestCases">
        <test-method status="PASS" signature="beforeMethod(java.lang.reflect.Method)[pri:0, instance:Testcase.TestCases@3cb1ffe6]" name="beforeMethod" is-config="true" duration-ms="13" started-at="2017-09-16T17:05:48Z" finished-at="2017-09-16T17:05:48Z">
          <params>
            <param index="0">
              <value>
                <![CDATA[public void Testcase.TestCases.Replacedoc() throws java.lang.Exception]]>
              </value>
            </param>
          </params>
          <reporter-output>
          </reporter-output>
        </test-method> <!-- beforeMethod -->
        <test-method status="PASS" signature="a()[pri:0, instance:Testcase.TestCases@3cb1ffe6]" name="a" is-config="true" duration-ms="4352" started-at="2017-09-16T17:05:48Z" finished-at="2017-09-16T17:05:53Z">
          <reporter-output>
          </reporter-output>
        </test-method> <!-- a -->
        <test-method status="PASS" signature="Replacedoc()[pri:0, instance:Testcase.TestCases@3cb1ffe6]" name="Replacedoc" duration-ms="109982" started-at="2017-09-16T17:05:53Z" finished-at="2017-09-16T17:07:43Z">
          <reporter-output>
          </reporter-output>
        </test-method> <!-- Replacedoc -->
        <test-method status="PASS" signature="afterMethod(org.testng.ITestResult)[pri:0, instance:Testcase.TestCases@3cb1ffe6]" name="afterMethod" is-config="true" duration-ms="2" started-at="2017-09-16T17:07:43Z" finished-at="2017-09-16T17:07:43Z">
          <params>
            <param index="0">
              <value>
                <![CDATA[[TestResult name=Replacedoc status=SUCCESS method=TestCases.Replacedoc()[pri:0, instance:Testcase.TestCases@3cb1ffe6] output={null}]]]>
              </value>
            </param>
          </params>
          <reporter-output>
          </reporter-output>
        </test-method> <!-- afterMethod -->
        <test-method status="PASS" signature="beforeMethod(java.lang.reflect.Method)[pri:0, instance:Testcase.TestCases@3cb1ffe6]" name="beforeMethod" is-config="true" duration-ms="2" started-at="2017-09-16T17:07:43Z" finished-at="2017-09-16T17:07:43Z">
          <params>
            <param index="0">
              <value>
                <![CDATA[public void Testcase.TestCases.delete() throws java.lang.Exception]]>
              </value>
            </param>
          </params>
          <reporter-output>
          </reporter-output>
        </test-method> <!-- beforeMethod -->
        <test-method status="PASS" signature="a()[pri:0, instance:Testcase.TestCases@3cb1ffe6]" name="a" is-config="true" duration-ms="1913" started-at="2017-09-16T17:07:43Z" finished-at="2017-09-16T17:07:45Z">
          <reporter-output>
          </reporter-output>
        </test-method> <!-- a -->
        <test-method status="PASS" signature="delete()[pri:0, instance:Testcase.TestCases@3cb1ffe6]" name="delete" duration-ms="138349" started-at="2017-09-16T17:07:45Z" finished-at="2017-09-16T17:10:03Z">
          <reporter-output>
          </reporter-output>
        </test-method> <!-- delete -->
        <test-method status="PASS" signature="afterMethod(org.testng.ITestResult)[pri:0, instance:Testcase.TestCases@3cb1ffe6]" name="afterMethod" is-config="true" duration-ms="1" started-at="2017-09-16T17:10:03Z" finished-at="2017-09-16T17:10:03Z">
          <params>
            <param index="0">
              <value>
                <![CDATA[[TestResult name=delete status=SUCCESS method=TestCases.delete()[pri:0, instance:Testcase.TestCases@3cb1ffe6] output={null}]]]>
              </value>
            </param>
          </params>
          <reporter-output>
          </reporter-output>
        </test-method> <!-- afterMethod -->
        <test-method status="PASS" signature="beforeMethod(java.lang.reflect.Method)[pri:0, instance:Testcase.TestCases@3cb1ffe6]" name="beforeMethod" is-config="true" duration-ms="0" started-at="2017-09-16T17:10:03Z" finished-at="2017-09-16T17:10:03Z">
          <params>
            <param index="0">
              <value>
                <![CDATA[public void Testcase.TestCases.features() throws java.lang.Exception]]>
              </value>
            </param>
          </params>
          <reporter-output>
          </reporter-output>
        </test-method> <!-- beforeMethod -->
        <test-method status="PASS" signature="a()[pri:0, instance:Testcase.TestCases@3cb1ffe6]" name="a" is-config="true" duration-ms="1908" started-at="2017-09-16T17:10:03Z" finished-at="2017-09-16T17:10:05Z">
          <reporter-output>
          </reporter-output>
        </test-method> <!-- a -->
        <test-method status="PASS" signature="features()[pri:0, instance:Testcase.TestCases@3cb1ffe6]" name="features" duration-ms="66398" started-at="2017-09-16T17:10:05Z" finished-at="2017-09-16T17:11:11Z">
          <reporter-output>
          </reporter-output>
        </test-method> <!-- features -->
        <test-method status="PASS" signature="beforeMethod(java.lang.reflect.Method)[pri:0, instance:Testcase.TestCases@3cb1ffe6]" name="beforeMethod" is-config="true" duration-ms="1" started-at="2017-09-16T17:11:11Z" finished-at="2017-09-16T17:11:11Z">
          <params>
            <param index="0">
              <value>
                <![CDATA[public void Testcase.TestCases.fetch() throws java.lang.Exception]]>
              </value>
            </param>
          </params>
          <reporter-output>
          </reporter-output>
        </test-method> <!-- beforeMethod -->
        <test-method status="PASS" signature="afterMethod(org.testng.ITestResult)[pri:0, instance:Testcase.TestCases@3cb1ffe6]" name="afterMethod" is-config="true" duration-ms="0" started-at="2017-09-16T17:11:11Z" finished-at="2017-09-16T17:11:11Z">
          <params>
            <param index="0">
              <value>
                <![CDATA[[TestResult name=features status=SUCCESS method=TestCases.features()[pri:0, instance:Testcase.TestCases@3cb1ffe6] output={null}]]]>
              </value>
            </param>
          </params>
          <reporter-output>
          </reporter-output>
        </test-method> <!-- afterMethod -->
        <test-method status="PASS" signature="a()[pri:0, instance:Testcase.TestCases@3cb1ffe6]" name="a" is-config="true" duration-ms="1904" started-at="2017-09-16T17:11:11Z" finished-at="2017-09-16T17:11:13Z">
          <reporter-output>
          </reporter-output>
        </test-method> <!-- a -->
        <test-method status="PASS" signature="fetch()[pri:0, instance:Testcase.TestCases@3cb1ffe6]" name="fetch" duration-ms="59853" started-at="2017-09-16T17:11:13Z" finished-at="2017-09-16T17:12:13Z">
          <reporter-output>
          </reporter-output>
        </test-method> <!-- fetch -->
        <test-method status="PASS" signature="afterMethod(org.testng.ITestResult)[pri:0, instance:Testcase.TestCases@3cb1ffe6]" name="afterMethod" is-config="true" duration-ms="0" started-at="2017-09-16T17:12:13Z" finished-at="2017-09-16T17:12:13Z">
          <params>
            <param index="0">
              <value>
                <![CDATA[[TestResult name=fetch status=SUCCESS method=TestCases.fetch()[pri:0, instance:Testcase.TestCases@3cb1ffe6] output={null}]]]>
              </value>
            </param>
          </params>
          <reporter-output>
          </reporter-output>
        </test-method> <!-- afterMethod -->
        <test-method status="PASS" signature="beforeMethod(java.lang.reflect.Method)[pri:0, instance:Testcase.TestCases@3cb1ffe6]" name="beforeMethod" is-config="true" duration-ms="0" started-at="2017-09-16T17:12:13Z" finished-at="2017-09-16T17:12:13Z">
          <params>
            <param index="0">
              <value>
                <![CDATA[public void Testcase.TestCases.forward() throws java.lang.Exception]]>
              </value>
            </param>
          </params>
          <reporter-output>
          </reporter-output>
        </test-method> <!-- beforeMethod -->
        <test-method status="PASS" signature="a()[pri:0, instance:Testcase.TestCases@3cb1ffe6]" name="a" is-config="true" duration-ms="1913" started-at="2017-09-16T17:12:13Z" finished-at="2017-09-16T17:12:15Z">
          <reporter-output>
          </reporter-output>
        </test-method> <!-- a -->
        <test-method status="PASS" signature="forward()[pri:0, instance:Testcase.TestCases@3cb1ffe6]" name="forward" duration-ms="51454" started-at="2017-09-16T17:12:15Z" finished-at="2017-09-16T17:13:06Z">
          <reporter-output>
          </reporter-output>
        </test-method> <!-- forward -->
        <test-method status="PASS" signature="beforeMethod(java.lang.reflect.Method)[pri:0, instance:Testcase.TestCases@3cb1ffe6]" name="beforeMethod" is-config="true" duration-ms="1" started-at="2017-09-16T17:13:06Z" finished-at="2017-09-16T17:13:06Z">
          <params>
            <param index="0">
              <value>
                <![CDATA[public void Testcase.TestCases.listing() throws java.lang.Exception]]>
              </value>
            </param>
          </params>
          <reporter-output>
          </reporter-output>
        </test-method> <!-- beforeMethod -->
        <test-method status="PASS" signature="afterMethod(org.testng.ITestResult)[pri:0, instance:Testcase.TestCases@3cb1ffe6]" name="afterMethod" is-config="true" duration-ms="0" started-at="2017-09-16T17:13:06Z" finished-at="2017-09-16T17:13:06Z">
          <params>
            <param index="0">
              <value>
                <![CDATA[[TestResult name=forward status=SUCCESS method=TestCases.forward()[pri:0, instance:Testcase.TestCases@3cb1ffe6] output={null}]]]>
              </value>
            </param>
          </params>
          <reporter-output>
          </reporter-output>
        </test-method> <!-- afterMethod -->
        <test-method status="PASS" signature="a()[pri:0, instance:Testcase.TestCases@3cb1ffe6]" name="a" is-config="true" duration-ms="1894" started-at="2017-09-16T17:13:06Z" finished-at="2017-09-16T17:13:08Z">
          <reporter-output>
          </reporter-output>
        </test-method> <!-- a -->
        <test-method status="PASS" signature="listing()[pri:0, instance:Testcase.TestCases@3cb1ffe6]" name="listing" duration-ms="75747" started-at="2017-09-16T17:13:08Z" finished-at="2017-09-16T17:14:24Z">
          <reporter-output>
          </reporter-output>
        </test-method> <!-- listing -->
        <test-method status="PASS" signature="afterMethod(org.testng.ITestResult)[pri:0, instance:Testcase.TestCases@3cb1ffe6]" name="afterMethod" is-config="true" duration-ms="0" started-at="2017-09-16T17:14:24Z" finished-at="2017-09-16T17:14:24Z">
          <params>
            <param index="0">
              <value>
                <![CDATA[[TestResult name=listing status=SUCCESS method=TestCases.listing()[pri:0, instance:Testcase.TestCases@3cb1ffe6] output={null}]]]>
              </value>
            </param>
          </params>
          <reporter-output>
          </reporter-output>
        </test-method> <!-- afterMethod -->
        <test-method status="PASS" signature="endTest()[pri:0, instance:Testcase.TestCases@3cb1ffe6]" name="endTest" is-config="true" duration-ms="321" started-at="2017-09-16T17:14:24Z" finished-at="2017-09-16T17:14:24Z">
          <reporter-output>
          </reporter-output>
        </test-method> <!-- endTest -->
      </class> <!-- Testcase.TestCases -->
    </test> <!-- Test -->
  </suite> <!-- Suite -->
</testng-results>
